Flutter crash report.
Please report a bug at https://github.com/flutter/flutter/issues.

## command

flutter attach

## exception

StateError: Bad state: Stream has already been listened to.

```
#0      _StreamController._subscribe (dart:async/stream_controller.dart:695:7)
#1      _ControllerStream._createSubscription (dart:async/stream_controller.dart:854:20)
#2      _StreamImpl.listen (dart:async/stream_impl.dart:516:42)
#3      new _ForwardingStreamSubscription (dart:async/stream_pipe.dart:141:37)
#4      _ForwardingStream._createSubscription (dart:async/stream_pipe.dart:105:16)
#5      _ForwardingStream.listen (dart:async/stream_pipe.dart:96:12)
#6      FlutterDevice.connect (package:flutter_tools/src/resident_runner.dart:245:35)
#7      ResidentRunner.connectToServiceProtocol (package:flutter_tools/src/resident_runner.dart:1366:21)
#8      HotRunner._attach (package:flutter_tools/src/run_hot.dart:262:13)
#9      HotRunner.attach (package:flutter_tools/src/run_hot.dart:249:12)
#10     AttachCommand._attachToDevice (package:flutter_tools/src/commands/attach.dart:412:31)
<asynchronous suspension>
#11     AttachCommand.runCommand (package:flutter_tools/src/commands/attach.dart:264:5)
<asynchronous suspension>
#12     FlutterCommand.run.<anonymous closure> (package:flutter_tools/src/runner/flutter_command.dart:1559:27)
<asynchronous suspension>
#13     AppContext.run.<anonymous closure> (package:flutter_tools/src/base/context.dart:154:19)
<asynchronous suspension>
#14     CommandRunner.runCommand (package:args/command_runner.dart:212:13)
<asynchronous suspension>
#15     FlutterCommandRunner.runCommand.<anonymous closure> (package:flutter_tools/src/runner/flutter_command_runner.dart:487:9)
<asynchronous suspension>
#16     AppContext.run.<anonymous closure> (package:flutter_tools/src/base/context.dart:154:19)
<asynchronous suspension>
#17     FlutterCommandRunner.runCommand (package:flutter_tools/src/runner/flutter_command_runner.dart:422:5)
<asynchronous suspension>
#18     run.<anonymous closure>.<anonymous closure> (package:flutter_tools/runner.dart:104:11)
<asynchronous suspension>
#19     AppContext.run.<anonymous closure> (package:flutter_tools/src/base/context.dart:154:19)
<asynchronous suspension>
#20     main (package:flutter_tools/executable.dart:103:3)
<asynchronous suspension>
```

## flutter doctor

```
[32m[✓][39m Flutter (Channel stable, 3.38.3, on Debian GNU/Linux 13 (trixie) 6.12.57+deb13-amd64, locale en_US.UTF-8) [89ms]
    [32m•[39m Flutter version 3.38.3 on channel stable at /home/shoh/flutter
    [32m•[39m Upstream repository https://github.com/flutter/flutter.git
    [32m•[39m Framework revision 19074d12f7 (9 days ago), 2025-11-20 17:53:13 -0500
    [32m•[39m Engine revision 13e658725d
    [32m•[39m Dart version 3.10.1
    [32m•[39m DevTools version 2.51.1
    [32m•[39m Feature flags: enable-web, enable-linux-desktop, enable-macos-desktop, enable-windows-desktop, enable-android, enable-ios,
      cli-animations, enable-native-assets, omit-legacy-version-file, enable-lldb-debugging

[32m[✓][39m Android toolchain - develop for Android devices (Android SDK version 36.1.0) [2.6s]
    [32m•[39m Android SDK at /home/shoh/Android/Sdk
    [32m•[39m Emulator version 36.2.12.0 (build_id 14214601) (CL:N/A)
    [32m•[39m Platform android-36, build-tools 36.1.0
    [32m•[39m ANDROID_HOME = /home/shoh/Android/Sdk
    [32m•[39m ANDROID_SDK_ROOT = /home/shoh/Android/Sdk
    [32m•[39m Java binary at: /snap/android-studio/209/jbr/bin/java
      This is the JDK bundled with the latest Android Studio installation on this machine.
      To manually set the JDK path, use: `flutter config --jdk-dir="path/to/jdk"`.
    [32m•[39m Java version OpenJDK Runtime Environment (build 21.0.7+-13880790-b1038.58)
    [32m•[39m All Android licenses accepted.

[32m[✓][39m Chrome - develop for the web [19ms]
    [32m•[39m Chrome at google-chrome

[31m[✗][39m Linux toolchain - develop for Linux desktop [2.0s]
    [31m✗[39m clang++ is required for Linux development.
      It is likely available from your distribution (e.g.: apt install clang), or can be downloaded from https://releases.llvm.org/
    [32m•[39m cmake version 3.31.6
    [31m✗[39m ninja is required for Linux development.
      It is likely available from your distribution (e.g.: apt install ninja-build), or can be downloaded from
      https://github.com/ninja-build/ninja/releases
    [32m•[39m pkg-config version 1.8.1
    [32m•[39m OpenGL core renderer: AMD Radeon Graphics (radeonsi, rembrandt, LLVM 19.1.7, DRM 3.61, 6.12.57+deb13-amd64)
    [32m•[39m OpenGL core version: 4.6 (Core Profile) Mesa 25.0.7-2
    [32m•[39m OpenGL core shading language version: 4.60
    [32m•[39m OpenGL ES renderer: AMD Radeon Graphics (radeonsi, rembrandt, LLVM 19.1.7, DRM 3.61, 6.12.57+deb13-amd64)
    [32m•[39m OpenGL ES version: OpenGL ES 3.2 Mesa 25.0.7-2
    [32m•[39m OpenGL ES shading language version: OpenGL ES GLSL ES 3.20
    [32m•[39m GL_EXT_framebuffer_blit: yes
    [32m•[39m GL_EXT_texture_format_BGRA8888: yes

[32m[✓][39m Connected device (3 available) [284ms]
    [32m•[39m SM S938B (mobile) • RFCY51ET2AZ • android-arm64  • Android 16 (API 36)
    [32m•[39m Linux (desktop)   • linux       • linux-x64      • Debian GNU/Linux 13 (trixie) 6.12.57+deb13-amd64
    [32m•[39m Chrome (web)      • chrome      • web-javascript • Google Chrome 142.0.7444.175

[32m[✓][39m Network resources [763ms]
    [32m•[39m All expected network resources are available.

[33m![39m Doctor found issues in 1 category.
```
